This is pdfTeX, Version 3.14159265-2.6-1.40.16 (TeX Live 2015) (preloaded format=pdflatex 2016.2.10)  14 APR 2017 16:04
entering extended mode
 restricted \write18 enabled.
 file:line:error style messages enabled.
 %&-line parsing enabled.
**ali-maclachlanISMIR2017.tex
(./ali-maclachlanISMIR2017.tex
LaTeX2e <2015/01/01>
Babel <3.9l> and hyphenation patterns for 79 languages loaded.
(/usr/local/texlive/2015/texmf-dist/tex/latex/base/article.cls
Document Class: article 2014/09/29 v1.4h Standard LaTeX document class
(/usr/local/texlive/2015/texmf-dist/tex/latex/base/size10.clo
File: size10.clo 2014/09/29 v1.4h Standard LaTeX file (size option)
)
\c@part=\count79
\c@section=\count80
\c@subsection=\count81
\c@subsubsection=\count82
\c@paragraph=\count83
\c@subparagraph=\count84
\c@figure=\count85
\c@table=\count86
\abovecaptionskip=\skip41
\belowcaptionskip=\skip42
\bibindent=\dimen102
) (./ismir.sty) (/usr/local/texlive/2015/texmf-dist/tex/latex/amsmath/amsmath.sty
Package: amsmath 2013/01/14 v2.14 AMS math features
\@mathmargin=\skip43

For additional information on amsmath, use the `?' option.
(/usr/local/texlive/2015/texmf-dist/tex/latex/amsmath/amstext.sty
Package: amstext 2000/06/29 v2.01
 (/usr/local/texlive/2015/texmf-dist/tex/latex/amsmath/amsgen.sty
File: amsgen.sty 1999/11/30 v2.0
\@emptytoks=\toks14
\ex@=\dimen103
)) (/usr/local/texlive/2015/texmf-dist/tex/latex/amsmath/amsbsy.sty
Package: amsbsy 1999/11/29 v1.2d
\pmbraise@=\dimen104
) (/usr/local/texlive/2015/texmf-dist/tex/latex/amsmath/amsopn.sty
Package: amsopn 1999/12/14 v2.01 operator names
)
\inf@bad=\count87
LaTeX Info: Redefining \frac on input line 210.
\uproot@=\count88
\leftroot@=\count89
LaTeX Info: Redefining \overline on input line 306.
\classnum@=\count90
\DOTSCASE@=\count91
LaTeX Info: Redefining \ldots on input line 378.
LaTeX Info: Redefining \dots on input line 381.
LaTeX Info: Redefining \cdots on input line 466.
\Mathstrutbox@=\box26
\strutbox@=\box27
\big@size=\dimen105
LaTeX Font Info:    Redeclaring font encoding OML on input line 566.
LaTeX Font Info:    Redeclaring font encoding OMS on input line 567.
\macc@depth=\count92
\c@MaxMatrixCols=\count93
\dotsspace@=\muskip10
\c@parentequation=\count94
\dspbrk@lvl=\count95
\tag@help=\toks15
\row@=\count96
\column@=\count97
\maxfields@=\count98
\andhelp@=\toks16
\eqnshift@=\dimen106
\alignsep@=\dimen107
\tagshift@=\dimen108
\tagwidth@=\dimen109
\totwidth@=\dimen110
\lineht@=\dimen111
\@envbody=\toks17
\multlinegap=\skip44
\multlinetaggap=\skip45
\mathdisplay@stack=\toks18
LaTeX Info: Redefining \[ on input line 2665.
LaTeX Info: Redefining \] on input line 2666.
) (/usr/local/texlive/2015/texmf-dist/tex/latex/url/url.sty
\Urlmuskip=\muskip11
Package: url 2013/09/16  ver 3.4  Verb mode for urls, etc.
) (./cite.sty
LaTeX Info: Redefining \cite on input line 149.
LaTeX Info: Redefining \nocite on input line 214.
Package: cite 2003/11/04  v 4.01
) (/usr/local/texlive/2015/texmf-dist/tex/latex/graphics/graphicx.sty
Package: graphicx 2014/10/28 v1.0g Enhanced LaTeX Graphics (DPC,SPQR)
 (/usr/local/texlive/2015/texmf-dist/tex/latex/graphics/keyval.sty
Package: keyval 2014/10/28 v1.15 key=value parser (DPC)
\KV@toks@=\toks19
) (/usr/local/texlive/2015/texmf-dist/tex/latex/graphics/graphics.sty
Package: graphics 2014/10/28 v1.0p Standard LaTeX Graphics (DPC,SPQR)
 (/usr/local/texlive/2015/texmf-dist/tex/latex/graphics/trig.sty
Package: trig 1999/03/16 v1.09 sin cos tan (DPC)
) (/usr/local/texlive/2015/texmf-dist/tex/latex/latexconfig/graphics.cfg
File: graphics.cfg 2010/04/23 v1.9 graphics configuration of TeX Live
)
Package graphics Info: Driver file: pdftex.def on input line 94.
 (/usr/local/texlive/2015/texmf-dist/tex/latex/pdftex-def/pdftex.def
File: pdftex.def 2011/05/27 v0.06d Graphics/color for pdfTeX
 (/usr/local/texlive/2015/texmf-dist/tex/generic/oberdiek/infwarerr.sty
Package: infwarerr 2010/04/08 v1.3 Providing info/warning/error messages (HO)
) (/usr/local/texlive/2015/texmf-dist/tex/generic/oberdiek/ltxcmds.sty
Package: ltxcmds 2011/11/09 v1.22 LaTeX kernel commands for general use (HO)
)
\Gread@gobject=\count99
))
\Gin@req@height=\dimen112
\Gin@req@width=\dimen113
) (/usr/local/texlive/2015/texmf-dist/tex/latex/graphics/color.sty
Package: color 2014/10/28 v1.1a Standard LaTeX Color (DPC)
 (/usr/local/texlive/2015/texmf-dist/tex/latex/latexconfig/color.cfg
File: color.cfg 2007/01/18 v1.5 color configuration of teTeX/TeXLive
)
Package color Info: Driver file: pdftex.def on input line 142.
) (/usr/local/texlive/2015/texmf-dist/tex/latex/tools/array.sty
Package: array 2014/10/28 v2.4c Tabular extension package (FMi)
\col@sep=\dimen114
\extrarowheight=\dimen115
\NC@list=\toks20
\extratabsurround=\skip46
\backup@length=\skip47
) (/usr/local/texlive/2015/texmf-dist/tex/latex/tools/tabularx.sty
Package: tabularx 2014/10/28 v2.10 `tabularx' package (DPC)
\TX@col@width=\dimen116
\TX@old@table=\dimen117
\TX@old@col=\dimen118
\TX@target=\dimen119
\TX@delta=\dimen120
\TX@cols=\count100
\TX@ftn=\toks21
) (/usr/local/texlive/2015/texmf-dist/tex/latex/arydshln/arydshln.sty
Package: arydshln 2004/08/31 v1.71 
\dashlinedash=\dimen121
\dashlinegap=\dimen122
\adl@box=\box28
\adl@height=\dimen123
\adl@heightsave=\dimen124
\adl@depth=\dimen125
\adl@depthsave=\dimen126
\adl@finaldepth=\dimen127
\adl@columns=\count101
\adl@ncol=\count102
\adl@currentcolumn=\count103
\adl@currentcolumnsave=\count104
\adl@totalheight=\count105
\adl@totalheightsave=\count106
\adl@dash=\count107
\adl@gap=\count108
\adl@cla=\count109
\adl@clb=\count110
\adl@everyvbox=\toks22
\adl@LTpagetotal=\dimen128
) (/usr/local/texlive/2015/texmf-dist/tex/latex/lipsum/lipsum.sty
Package: lipsum 2014/07/27 v1.3 150 paragraphs of Lorem Ipsum dummy text
\c@lips@count=\count111
) (/usr/local/texlive/2015/texmf-dist/tex/latex/multirow/multirow.sty
\bigstrutjot=\dimen129
) (/usr/local/texlive/2015/texmf-dist/tex/latex/rotating/rotating.sty
Package: rotating 2009/03/28 v2.16a rotated objects in LaTeX
 (/usr/local/texlive/2015/texmf-dist/tex/latex/base/ifthen.sty
Package: ifthen 2014/09/29 v1.1c Standard LaTeX ifthen package (DPC)
)
\c@r@tfl@t=\count112
\rotFPtop=\skip48
\rotFPbot=\skip49
\rot@float@box=\box29
\rot@mess@toks=\toks23
) (/Users/izzy/Dropbox/Izzy Research/My Papers/ISMIR2017/latex/.texpadtmp/ali-maclachlanISMIR2017.aux)
\openout1 = `ali-maclachlanISMIR2017.aux'.

LaTeX Font Info:    Checking defaults for OML/cmm/m/it on input line 63.
LaTeX Font Info:    ... okay on input line 63.
LaTeX Font Info:    Checking defaults for T1/cmr/m/n on input line 63.
LaTeX Font Info:    ... okay on input line 63.
LaTeX Font Info:    Checking defaults for OT1/cmr/m/n on input line 63.
LaTeX Font Info:    ... okay on input line 63.
LaTeX Font Info:    Checking defaults for OMS/cmsy/m/n on input line 63.
LaTeX Font Info:    ... okay on input line 63.
LaTeX Font Info:    Checking defaults for OMX/cmex/m/n on input line 63.
LaTeX Font Info:    ... okay on input line 63.
LaTeX Font Info:    Checking defaults for U/cmr/m/n on input line 63.
LaTeX Font Info:    ... okay on input line 63.
LaTeX Font Info:    Try loading font information for OT1+ptm on input line 63.
 (/usr/local/texlive/2015/texmf-dist/tex/latex/psnfss/ot1ptm.fd
File: ot1ptm.fd 2001/06/04 font definitions for OT1/ptm.
) (/usr/local/texlive/2015/texmf-dist/tex/context/base/supp-pdf.mkii
[Loading MPS to PDF converter (version 2006.09.02).]
\scratchcounter=\count113
\scratchdimen=\dimen130
\scratchbox=\box30
\nofMPsegments=\count114
\nofMParguments=\count115
\everyMPshowfont=\toks24
\MPscratchCnt=\count116
\MPscratchDim=\dimen131
\MPnumerator=\count117
\makeMPintoPDFobject=\count118
\everyMPtoPDFconversion=\toks25
) (/usr/local/texlive/2015/texmf-dist/tex/generic/oberdiek/pdftexcmds.sty
Package: pdftexcmds 2011/11/29 v0.20 Utility functions of pdfTeX for LuaTeX (HO)
 (/usr/local/texlive/2015/texmf-dist/tex/generic/oberdiek/ifluatex.sty
Package: ifluatex 2010/03/01 v1.3 Provides the ifluatex switch (HO)
Package ifluatex Info: LuaTeX not detected.
) (/usr/local/texlive/2015/texmf-dist/tex/generic/oberdiek/ifpdf.sty
Package: ifpdf 2011/01/30 v2.3 Provides the ifpdf switch (HO)
Package ifpdf Info: pdfTeX in PDF mode is detected.
)
Package pdftexcmds Info: LuaTeX not detected.
Package pdftexcmds Info: \pdf@primitive is available.
Package pdftexcmds Info: \pdf@ifprimitive is available.
Package pdftexcmds Info: \pdfdraftmode found.
) (/usr/local/texlive/2015/texmf-dist/tex/latex/oberdiek/epstopdf-base.sty
Package: epstopdf-base 2010/02/09 v2.5 Base part for package epstopdf
 (/usr/local/texlive/2015/texmf-dist/tex/latex/oberdiek/grfext.sty
Package: grfext 2010/08/19 v1.1 Manage graphics extensions (HO)
 (/usr/local/texlive/2015/texmf-dist/tex/generic/oberdiek/kvdefinekeys.sty
Package: kvdefinekeys 2011/04/07 v1.3 Define keys (HO)
)) (/usr/local/texlive/2015/texmf-dist/tex/latex/oberdiek/kvoptions.sty
Package: kvoptions 2011/06/30 v3.11 Key value format for package options (HO)
 (/usr/local/texlive/2015/texmf-dist/tex/generic/oberdiek/kvsetkeys.sty
Package: kvsetkeys 2012/04/25 v1.16 Key value parser (HO)
 (/usr/local/texlive/2015/texmf-dist/tex/generic/oberdiek/etexcmds.sty
Package: etexcmds 2011/02/16 v1.5 Avoid name clashes with e-TeX commands (HO)
Package etexcmds Info: Could not find \expanded.
(etexcmds)             That can mean that you are not using pdfTeX 1.50 or
(etexcmds)             that some package has redefined \expanded.
(etexcmds)             In the latter case, load this package earlier.
)))
Package grfext Info: Graphics extension search list:
(grfext)             [.png,.pdf,.jpg,.mps,.jpeg,.jbig2,.jb2,.PNG,.PDF,.JPG,.JPEG,.JBIG2,.JB2,.eps]
(grfext)             \AppendGraphicsExtensions on input line 452.
 (/usr/local/texlive/2015/texmf-dist/tex/latex/latexconfig/epstopdf-sys.cfg
File: epstopdf-sys.cfg 2010/07/13 v1.3 Configuration of (r)epstopdf for TeX Live
))
LaTeX Font Info:    Font shape `OT1/ptm/bx/n' in size <14.4> not available
(Font)              Font shape `OT1/ptm/b/n' tried instead on input line 66.
LaTeX Font Info:    Font shape `OT1/ptm/bx/n' in size <12> not available
(Font)              Font shape `OT1/ptm/b/n' tried instead on input line 66.
LaTeX Font Info:    Try loading font information for OT1+pcr on input line 66.
 (/usr/local/texlive/2015/texmf-dist/tex/latex/psnfss/ot1pcr.fd
File: ot1pcr.fd 2001/06/04 font definitions for OT1/pcr.
)
Overfull \hbox (12.0pt too wide) in paragraph at lines 66--66
 [][] 
 []

<figs/cc_by.pdf, id=1, 121.45375pt x 43.16125pt>
File: figs/cc_by.pdf Graphic file (type pdf)
 <use figs/cc_by.pdf>
Package pdftex.def Info: figs/cc_by.pdf used on input line 66.
(pdftex.def)             Requested size: 36.02869pt x 12.80365pt.
LaTeX Font Info:    Try loading font information for OMS+ptm on input line 66.
 (/usr/local/texlive/2015/texmf-dist/tex/latex/psnfss/omsptm.fd
File: omsptm.fd 
)
LaTeX Font Info:    Font shape `OMS/ptm/m/n' in size <8> not available
(Font)              Font shape `OMS/cmsy/m/n' tried instead on input line 66.
LaTeX Font Info:    Font shape `OT1/ptm/bx/n' in size <8> not available
(Font)              Font shape `OT1/ptm/b/n' tried instead on input line 66.
LaTeX Font Info:    Font shape `OT1/ptm/bx/n' in size <10> not available
(Font)              Font shape `OT1/ptm/b/n' tried instead on input line 68.
 [1{/usr/local/texlive/2015/texmf-var/fonts/map/pdftex/updmap/pdftex.map}



 <./figs/cc_by.pdf>] <figs/CNNDiagramPD.pdf, id=17, 1567.8352pt x 411.75737pt>
File: figs/CNNDiagramPD.pdf Graphic file (type pdf)
 <use figs/CNNDiagramPD.pdf>
Package pdftex.def Info: figs/CNNDiagramPD.pdf used on input line 115.
(pdftex.def)             Requested size: 489.38739pt x 128.52307pt.


LaTeX Warning: Reference `eqn:output' on page 2 undefined on input line 147.


Underfull \hbox (badness 10000) in paragraph at lines 166--166
[][]\OT1/ptm/m/n/8 recordings used in this sec-tion are avail-able at:
 []

[2]

LaTeX Warning: No positions in optional float specifier.
               Default added (so using `tbp') on input line 172.

./ali-maclachlanISMIR2017.tex:217: Undefined control sequence.
l.217 \tablewidth
                 =1.0\textwidth
The control sequence at the end of the top line
of your error message was never \def'ed. If you have
misspelled it (e.g., `\hobx'), type `I' and the correct
spelling (e.g., `I\hbox'). Otherwise just continue,
and I'll forget about whatever was undefined.

./ali-maclachlanISMIR2017.tex:218: Missing number, treated as zero.
<to be read again> 
                   \def 
l.218 \begin{minipage}
                      {0.4\textwidth}
A number should have been here; I inserted `0'.
(If you can't figure out why I needed to see a number,
look up `weird error' in the index to The TeXbook.)

./ali-maclachlanISMIR2017.tex:218: Illegal unit of measure (pt inserted).
<to be read again> 
                   \def 
l.218 \begin{minipage}
                      {0.4\textwidth}
Dimensions can be in units of em, ex, in, pt, pc,
cm, mm, dd, cc, nd, nc, bp, or sp; but yours is a new one!
I'll assume that you meant to say pt, for printer's points.
To recover gracefully from this error, it's best to
delete the erroneous units; e.g., type `2' to delete
two letters. (See Chapter 27 of The TeXbook.)


Overfull \hbox (278.52481pt too wide) in paragraph at lines 219--230
[][] 
 []


Overfull \hbox (23.52975pt too wide) in paragraph at lines 231--231
[]\OT1/ptm/b/n/10 Table
 []


Overfull \hbox (7.5pt too wide) in paragraph at lines 231--231
\OT1/ptm/b/n/10 2\OT1/ptm/m/n/10 .
 []


Overfull \hbox (21.40977pt too wide) in paragraph at lines 231--231
\OT1/ptm/m/n/10 Eval-
 []


Overfull \hbox (8.32996pt too wide) in paragraph at lines 231--231
\OT1/ptm/m/n/10 u-
 []


Overfull \hbox (7.7699pt too wide) in paragraph at lines 231--231
\OT1/ptm/m/n/10 a-
 []


Overfull \hbox (15.55978pt too wide) in paragraph at lines 231--231
\OT1/ptm/m/n/10 tion
 []


Overfull \hbox (5.0pt too wide) in paragraph at lines 231--231
\OT1/ptm/m/n/10 1
 []


Overfull \hbox (19.99988pt too wide) in paragraph at lines 231--231
\OT1/ptm/m/n/10 Con-
 []


Overfull \hbox (11.65991pt too wide) in paragraph at lines 231--231
\OT1/ptm/m/n/10 fu-
 []


Overfull \hbox (16.66978pt too wide) in paragraph at lines 231--231
\OT1/ptm/m/n/10 sion
 []


Overfull \hbox (16.65979pt too wide) in paragraph at lines 231--231
\OT1/ptm/m/n/10 Ma-
 []


Overfull \hbox (13.88974pt too wide) in paragraph at lines 231--231
\OT1/ptm/m/n/10 trix
 []


Overfull \hbox (24.18982pt too wide) in paragraph at lines 231--231
\OT1/ptm/m/n/10 show-
 []


Overfull \hbox (12.77989pt too wide) in paragraph at lines 231--231
\OT1/ptm/m/n/10 ing
 []


Overfull \hbox (5.0pt too wide) in paragraph at lines 231--231
\OT1/ptm/m/n/10 6
 []


Overfull \hbox (11.10985pt too wide) in paragraph at lines 231--231
\OT1/ptm/m/n/10 in-
 []


Overfull \hbox (11.10985pt too wide) in paragraph at lines 231--231
\OT1/ptm/m/n/10 di-
 []


Overfull \hbox (16.10985pt too wide) in paragraph at lines 231--231
\OT1/ptm/m/n/10 vid-
 []


Overfull \hbox (12.21983pt too wide) in paragraph at lines 231--231
\OT1/ptm/m/n/10 ual
 []


Overfull \hbox (20.54979pt too wide) in paragraph at lines 231--231
\OT1/ptm/m/n/10 play-
 []


Overfull \hbox (11.65979pt too wide) in paragraph at lines 231--231
\OT1/ptm/m/n/10 ers 
 []


Overfull \hbox (338.97447pt too wide) in paragraph at lines 241--253
[][] 
 []


Overfull \hbox (23.52975pt too wide) in paragraph at lines 254--254
[]\OT1/ptm/b/n/10 Table
 []


Overfull \hbox (7.5pt too wide) in paragraph at lines 254--254
\OT1/ptm/b/n/10 3\OT1/ptm/m/n/10 .
 []


Overfull \hbox (21.40977pt too wide) in paragraph at lines 254--254
\OT1/ptm/m/n/10 Eval-
 []


Overfull \hbox (8.32996pt too wide) in paragraph at lines 254--254
\OT1/ptm/m/n/10 u-
 []


Overfull \hbox (7.7699pt too wide) in paragraph at lines 254--254
\OT1/ptm/m/n/10 a-
 []


Overfull \hbox (15.55978pt too wide) in paragraph at lines 254--254
\OT1/ptm/m/n/10 tion
 []


Overfull \hbox (5.0pt too wide) in paragraph at lines 254--254
\OT1/ptm/m/n/10 2
 []


Overfull \hbox (19.99988pt too wide) in paragraph at lines 254--254
\OT1/ptm/m/n/10 Con-
 []


Overfull \hbox (11.65991pt too wide) in paragraph at lines 254--254
\OT1/ptm/m/n/10 fu-
 []


Overfull \hbox (16.66978pt too wide) in paragraph at lines 254--254
\OT1/ptm/m/n/10 sion
 []


Overfull \hbox (16.65979pt too wide) in paragraph at lines 254--254
\OT1/ptm/m/n/10 Ma-
 []


Overfull \hbox (13.88974pt too wide) in paragraph at lines 254--254
\OT1/ptm/m/n/10 trix
 []


Overfull \hbox (24.18982pt too wide) in paragraph at lines 254--254
\OT1/ptm/m/n/10 show-
 []


Overfull \hbox (12.77989pt too wide) in paragraph at lines 254--254
\OT1/ptm/m/n/10 ing
 []


Overfull \hbox (5.0pt too wide) in paragraph at lines 254--254
\OT1/ptm/m/n/10 6
 []


Overfull \hbox (11.10985pt too wide) in paragraph at lines 254--254
\OT1/ptm/m/n/10 in-
 []


Overfull \hbox (11.10985pt too wide) in paragraph at lines 254--254
\OT1/ptm/m/n/10 di-
 []


Overfull \hbox (16.10985pt too wide) in paragraph at lines 254--254
\OT1/ptm/m/n/10 vid-
 []


Overfull \hbox (12.21983pt too wide) in paragraph at lines 254--254
\OT1/ptm/m/n/10 ual
 []


Overfull \hbox (20.54979pt too wide) in paragraph at lines 254--254
\OT1/ptm/m/n/10 play-
 []


Overfull \hbox (11.65979pt too wide) in paragraph at lines 254--254
\OT1/ptm/m/n/10 ers
 []


Overfull \hbox (14.43994pt too wide) in paragraph at lines 254--254
\OT1/ptm/m/n/10 and
 []


Overfull \hbox (27.2097pt too wide) in paragraph at lines 254--254
\OT1/ptm/m/n/10 'other'
 []


Overfull \hbox (19.43956pt too wide) in paragraph at lines 254--254
\OT1/ptm/m/n/10 class
 []


Overfull \hbox (8.32996pt too wide) in paragraph at lines 254--254
\OT1/ptm/m/n/10 of
 []


Overfull \hbox (10.0pt too wide) in paragraph at lines 254--254
\OT1/ptm/m/n/10 79
 []


Overfull \hbox (12.7699pt too wide) in paragraph at lines 254--254
\OT1/ptm/m/n/10 ad-
 []


Overfull \hbox (11.10985pt too wide) in paragraph at lines 254--254
\OT1/ptm/m/n/10 di-
 []


Overfull \hbox (22.77962pt too wide) in paragraph at lines 254--254
\OT1/ptm/m/n/10 tional
 []


Overfull \hbox (28.86975pt too wide) in paragraph at lines 254--254
\OT1/ptm/m/n/10 record-
 []


Overfull \hbox (16.66978pt too wide) in paragraph at lines 254--254
\OT1/ptm/m/n/10 ings 
 []


LaTeX Warning: Float too large for page by 141.7197pt on input line 259.

(/Users/izzy/Dropbox/Izzy Research/My Papers/ISMIR2017/latex/.texpadtmp/ali-maclachlanISMIR2017.bbl
Underfull \hbox (badness 2582) in paragraph at lines 4--9
[]\OT1/ptm/m/n/10 I. Ali-MacLachlan, M. K[]ok[]uer, C. Ath-wal, and
 []


Underfull \hbox (badness 10000) in paragraph at lines 11--17
[]\OT1/ptm/m/n/10 I. Ali-MacLachlan, M. K[]ok[]uer, P. Jan[]covi[]c,
 []


Underfull \hbox (badness 1418) in paragraph at lines 11--17
\OT1/ptm/m/n/10 I. Williams, and C. Ath-wal.  Quan-ti-fy-ing Tim-bral
 []

[3 <./figs/CNNDiagramPD.pdf>]
Underfull \hbox (badness 3209) in paragraph at lines 199--202
[]\OT1/ptm/m/n/10 S. Williams.  \OT1/ptm/m/it/10 Irish Tra-di-tional Mu-sic\OT1/ptm/m/n/10 .  Rout-ledge,
 []

) [4] [5

] (/Users/izzy/Dropbox/Izzy Research/My Papers/ISMIR2017/latex/.texpadtmp/ali-maclachlanISMIR2017.aux)

LaTeX Warning: There were undefined references.

 )
(\end occurred inside a group at level 3)

### simple group (level 3) entered at line 170 ({)
### simple group (level 2) entered at line 147 ({)
### simple group (level 1) entered at line 80 ({)
### bottom level 
Here is how much of TeX's memory you used:
 3103 strings out of 493089
 42527 string characters out of 6134842
 223114 words of memory out of 5000000
 6512 multiletter control sequences out of 15000+600000
 24639 words of font info for 51 fonts, out of 8000000 for 9000
 1141 hyphenation exceptions out of 8191
 38i,17n,23p,875b,419s stack positions out of 5000i,500n,10000p,200000b,80000s
{/usr/local/texlive/2015/texmf-dist/fonts/enc/dvips/base/8r.enc}</usr/local/texlive/2015/texmf-dist/fonts/type1/public/amsfonts/cm/cmex10.pfb></usr/local/texlive/2015/texmf-dist/fonts/type1/public/amsfonts/cm/cmmi10.pfb></usr/local/texlive/2015/texmf-dist/fonts/type1/public/amsfonts/cm/cmmi7.pfb></usr/local/texlive/2015/texmf-dist/fonts/type1/public/amsfonts/cm/cmr10.pfb></usr/local/texlive/2015/texmf-dist/fonts/type1/public/amsfonts/cm/cmr7.pfb></usr/local/texlive/2015/texmf-dist/fonts/type1/public/amsfonts/cm/cmsy7.pfb></usr/local/texlive/2015/texmf-dist/fonts/type1/public/amsfonts/cm/cmsy8.pfb></usr/local/texlive/2015/texmf-dist/fonts/type1/urw/courier/ucrr8a.pfb></usr/local/texlive/2015/texmf-dist/fonts/type1/urw/times/utmb8a.pfb></usr/local/texlive/2015/texmf-dist/fonts/type1/urw/times/utmr8a.pfb></usr/local/texlive/2015/texmf-dist/fonts/type1/urw/times/utmri8a.pfb>
Output written on "/Users/izzy/Dropbox/Izzy Research/My Papers/ISMIR2017/latex/.texpadtmp/ali-maclachlanISMIR2017.pdf" (5 pages, 164677 bytes).
PDF statistics:
 90 PDF objects out of 1000 (max. 8388607)
 66 compressed objects within 1 object stream
 0 named destinations out of 1000 (max. 500000)
 11 words of extra memory for PDF output out of 10000 (max. 10000000)

